Performance Statistics   2015-07-08 23:06:00 - 2015-07-08 23:07:00
Tag                                                  Avg(ms)         Min         Max     Std Dev       Count

Performance Statistics   2015-07-08 23:07:00 - 2015-07-08 23:08:00
Tag                                                  Avg(ms)         Min         Max     Std Dev       Count

Performance Statistics   2015-07-08 23:08:00 - 2015-07-08 23:09:00
Tag                                                  Avg(ms)         Min         Max     Std Dev       Count
AUTHENTICATE                                            23.0          23          23         0.0           1
CREATE_TICKET_GRANTING_TICKET                           32.0          32          32         0.0           1
DESTROY_TICKET_GRANTING_TICKET                           3.0           3           3         0.0           1
GRANT_SERVICE_TICKET                                     3.0           3           3         0.0           1

Performance Statistics   2015-07-08 23:09:00 - 2015-07-08 23:10:00
Tag                                                  Avg(ms)         Min         Max     Std Dev       Count
AUTHENTICATE                                            68.0          21         115        47.0           2
GRANT_PROXY_GRANTING_TICKET                             70.5          22         119        48.5           2
GRANT_SERVICE_TICKET                                     3.5           0           7         3.5           2
VALIDATE_SERVICE_TICKET                                  2.0           1           3         1.0           2

Performance Statistics   2015-07-08 23:11:00 - 2015-07-08 23:12:00
Tag                                                  Avg(ms)         Min         Max     Std Dev       Count
AUTHENTICATE                                            23.0           4          42        19.0           2
CREATE_TICKET_GRANTING_TICKET                           22.0          22          22         0.0           1
GRANT_PROXY_GRANTING_TICKET                             48.0          48          48         0.0           1
GRANT_SERVICE_TICKET                                     3.0           3           3         0.0           1
VALIDATE_SERVICE_TICKET                                  2.0           2           2         0.0           1

Performance Statistics   2015-07-08 23:12:00 - 2015-07-08 23:13:00
Tag                                                  Avg(ms)         Min         Max     Std Dev       Count

Performance Statistics   2015-07-08 23:13:00 - 2015-07-08 23:14:00
Tag                                                  Avg(ms)         Min         Max     Std Dev       Count

Performance Statistics   2015-07-08 23:14:00 - 2015-07-08 23:15:00
Tag                                                  Avg(ms)         Min         Max     Std Dev       Count

Performance Statistics   2015-07-08 23:22:00 - 2015-07-08 23:23:00
Tag                                                  Avg(ms)         Min         Max     Std Dev       Count
AUTHENTICATE                                            36.0           4          68        32.0           2
CREATE_TICKET_GRANTING_TICKET                           23.0          23          23         0.0           1
DESTROY_TICKET_GRANTING_TICKET                           1.0           1           1         0.0           1
GRANT_PROXY_GRANTING_TICKET                             90.0          90          90         0.0           1
GRANT_SERVICE_TICKET                                     3.0           3           3         0.0           1
VALIDATE_SERVICE_TICKET                                  3.0           3           3         0.0           1

Performance Statistics   2015-07-08 23:23:00 - 2015-07-08 23:24:00
Tag                                                  Avg(ms)         Min         Max     Std Dev       Count
AUTHENTICATE                                             3.7           0           8         3.3           3
CREATE_TICKET_GRANTING_TICKET                            3.0           3           3         0.0           1
GRANT_PROXY_GRANTING_TICKET                             14.0           8          20         6.0           2
GRANT_SERVICE_TICKET                                     0.5           0           1         0.5           2
VALIDATE_SERVICE_TICKET                                  1.0           1           1         0.0           2

Performance Statistics   2015-07-08 23:24:00 - 2015-07-08 23:25:00
Tag                                                  Avg(ms)         Min         Max     Std Dev       Count

Performance Statistics   2015-07-08 23:25:00 - 2015-07-08 23:26:00
Tag                                                  Avg(ms)         Min         Max     Std Dev       Count

Performance Statistics   2015-07-08 23:26:00 - 2015-07-08 23:27:00
Tag                                                  Avg(ms)         Min         Max     Std Dev       Count

Performance Statistics   2015-07-08 23:27:00 - 2015-07-08 23:28:00
Tag                                                  Avg(ms)         Min         Max     Std Dev       Count

Performance Statistics   2015-07-08 23:28:00 - 2015-07-08 23:29:00
Tag                                                  Avg(ms)         Min         Max     Std Dev       Count

Performance Statistics   2015-07-08 23:29:00 - 2015-07-08 23:30:00
Tag                                                  Avg(ms)         Min         Max     Std Dev       Count

Performance Statistics   2015-07-08 23:30:00 - 2015-07-08 23:31:00
Tag                                                  Avg(ms)         Min         Max     Std Dev       Count

Performance Statistics   2015-07-08 23:31:00 - 2015-07-08 23:32:00
Tag                                                  Avg(ms)         Min         Max     Std Dev       Count

Performance Statistics   2015-07-08 23:32:00 - 2015-07-08 23:33:00
Tag                                                  Avg(ms)         Min         Max     Std Dev       Count

