2015-07-08 23:08:47,649 INFO [org.jasig.cas.web.flow.InitialFlowSetupAction] - Setting path for cookies to: /cas-server/
2015-07-08 23:08:47,707 INFO [com.github.inspektr.audit.support.Slf4jLoggingAuditTrailManager] - Audit trail record BEGIN
=============================================================
WHO: audit:unknown
WHAT: TGT-1-5g2T3pwHwafpoKLvUwSmBPEEdrMqLFSnc5Ooa3AUeeQqG0WyNG-localhost
ACTION: TICKET_GRANTING_TICKET_DESTROYED
APPLICATION: CAS
WHEN: Wed Jul 08 23:08:47 PHT 2015
CLIENT IP ADDRESS: 0:0:0:0:0:0:0:1%0
SERVER IP ADDRESS: 0:0:0:0:0:0:0:1%0
=============================================================


2015-07-08 23:08:56,177 INFO [com.github.inspektr.audit.support.Slf4jLoggingAuditTrailManager] - Audit trail record BEGIN
=============================================================
WHO: audit:unknown
WHAT: supplied credentials: [admin+password]
ACTION: AUTHENTICATION_SUCCESS
APPLICATION: CAS
WHEN: Wed Jul 08 23:08:56 PHT 2015
CLIENT IP ADDRESS: 0:0:0:0:0:0:0:1%0
SERVER IP ADDRESS: 0:0:0:0:0:0:0:1%0
=============================================================


2015-07-08 23:08:56,184 INFO [com.github.inspektr.audit.support.Slf4jLoggingAuditTrailManager] - Audit trail record BEGIN
=============================================================
WHO: audit:unknown
WHAT: TGT-1-isLUeY2GCp0dscEuKhcpvENQqHzQ9sXtpSwqdHIJyWidPw7C39-localhost
ACTION: TICKET_GRANTING_TICKET_CREATED
APPLICATION: CAS
WHEN: Wed Jul 08 23:08:56 PHT 2015
CLIENT IP ADDRESS: 0:0:0:0:0:0:0:1%0
SERVER IP ADDRESS: 0:0:0:0:0:0:0:1%0
=============================================================


2015-07-08 23:08:56,197 INFO [com.github.inspektr.audit.support.Slf4jLoggingAuditTrailManager] - Audit trail record BEGIN
=============================================================
WHO: admin
WHAT: ST-1-XsqONthPk2PYHFqQCKzr-localhost for http://localhost:8002/amaretto-cloud-services/j_spring_cas_security_check
ACTION: SERVICE_TICKET_CREATED
APPLICATION: CAS
WHEN: Wed Jul 08 23:08:56 PHT 2015
CLIENT IP ADDRESS: 0:0:0:0:0:0:0:1%0
SERVER IP ADDRESS: 0:0:0:0:0:0:0:1%0
=============================================================


2015-07-08 23:09:33,250 INFO [com.github.inspektr.audit.support.Slf4jLoggingAuditTrailManager] - Audit trail record BEGIN
=============================================================
WHO: admin
WHAT: ST-2-5GRAI1JWedPv9yA3Ykgu-localhost for http://localhost:8002/amaretto-cloud-services/j_spring_cas_security_check
ACTION: SERVICE_TICKET_CREATED
APPLICATION: CAS
WHEN: Wed Jul 08 23:09:33 PHT 2015
CLIENT IP ADDRESS: 0:0:0:0:0:0:0:1%0
SERVER IP ADDRESS: 0:0:0:0:0:0:0:1%0
=============================================================


2015-07-08 23:09:34,535 INFO [com.github.inspektr.audit.support.Slf4jLoggingAuditTrailManager] - Audit trail record BEGIN
=============================================================
WHO: audit:unknown
WHAT: supplied credentials: [http://localhost:8002/amaretto-cloud-services/j_spring_cas_security_proxyreceptor]
ACTION: AUTHENTICATION_SUCCESS
APPLICATION: CAS
WHEN: Wed Jul 08 23:09:34 PHT 2015
CLIENT IP ADDRESS: 127.0.0.1
SERVER IP ADDRESS: 127.0.0.1
=============================================================


2015-07-08 23:09:34,539 INFO [com.github.inspektr.audit.support.Slf4jLoggingAuditTrailManager] - Audit trail record BEGIN
=============================================================
WHO: admin
WHAT: TGT-2-XcfP1EMNqR2Oyl9gmhdByueiM6ZVzf1AWXhVjb75YMZBVsfX7w-localhost
ACTION: PROXY_GRANTING_TICKET_CREATED
APPLICATION: CAS
WHEN: Wed Jul 08 23:09:34 PHT 2015
CLIENT IP ADDRESS: 127.0.0.1
SERVER IP ADDRESS: 127.0.0.1
=============================================================


2015-07-08 23:09:34,548 INFO [com.github.inspektr.audit.support.Slf4jLoggingAuditTrailManager] - Audit trail record BEGIN
=============================================================
WHO: audit:unknown
WHAT: ST-2-5GRAI1JWedPv9yA3Ykgu-localhost
ACTION: SERVICE_TICKET_VALIDATED
APPLICATION: CAS
WHEN: Wed Jul 08 23:09:34 PHT 2015
CLIENT IP ADDRESS: 127.0.0.1
SERVER IP ADDRESS: 127.0.0.1
=============================================================


2015-07-08 23:09:36,525 INFO [com.github.inspektr.audit.support.Slf4jLoggingAuditTrailManager] - Audit trail record BEGIN
=============================================================
WHO: admin
WHAT: ST-3-mjjxl2k4teC4aYdIdWst-localhost for http://localhost:8002/amaretto-cloud-services/j_spring_cas_security_check
ACTION: SERVICE_TICKET_CREATED
APPLICATION: CAS
WHEN: Wed Jul 08 23:09:36 PHT 2015
CLIENT IP ADDRESS: 0:0:0:0:0:0:0:1%0
SERVER IP ADDRESS: 0:0:0:0:0:0:0:1%0
=============================================================


2015-07-08 23:09:36,691 INFO [com.github.inspektr.audit.support.Slf4jLoggingAuditTrailManager] - Audit trail record BEGIN
=============================================================
WHO: audit:unknown
WHAT: supplied credentials: [http://localhost:8002/amaretto-cloud-services/j_spring_cas_security_proxyreceptor]
ACTION: AUTHENTICATION_SUCCESS
APPLICATION: CAS
WHEN: Wed Jul 08 23:09:36 PHT 2015
CLIENT IP ADDRESS: 127.0.0.1
SERVER IP ADDRESS: 127.0.0.1
=============================================================


2015-07-08 23:09:36,692 INFO [com.github.inspektr.audit.support.Slf4jLoggingAuditTrailManager] - Audit trail record BEGIN
=============================================================
WHO: admin
WHAT: TGT-3-rzGfTA4162ZbBiX4Bs4NIjiOfV2MjafKJeoufm93QhL2gSJsWZ-localhost
ACTION: PROXY_GRANTING_TICKET_CREATED
APPLICATION: CAS
WHEN: Wed Jul 08 23:09:36 PHT 2015
CLIENT IP ADDRESS: 127.0.0.1
SERVER IP ADDRESS: 127.0.0.1
=============================================================


2015-07-08 23:09:36,701 INFO [com.github.inspektr.audit.support.Slf4jLoggingAuditTrailManager] - Audit trail record BEGIN
=============================================================
WHO: audit:unknown
WHAT: ST-3-mjjxl2k4teC4aYdIdWst-localhost
ACTION: SERVICE_TICKET_VALIDATED
APPLICATION: CAS
WHEN: Wed Jul 08 23:09:36 PHT 2015
CLIENT IP ADDRESS: 127.0.0.1
SERVER IP ADDRESS: 127.0.0.1
=============================================================


2015-07-08 23:10:55,380 INFO [org.jasig.cas.web.flow.InitialFlowSetupAction] - Setting path for cookies to: /cas-server/
2015-07-08 23:11:05,096 INFO [com.github.inspektr.audit.support.Slf4jLoggingAuditTrailManager] - Audit trail record BEGIN
=============================================================
WHO: audit:unknown
WHAT: supplied credentials: [admin+password]
ACTION: AUTHENTICATION_SUCCESS
APPLICATION: CAS
WHEN: Wed Jul 08 23:11:05 PHT 2015
CLIENT IP ADDRESS: 0:0:0:0:0:0:0:1%0
SERVER IP ADDRESS: 0:0:0:0:0:0:0:1%0
=============================================================


2015-07-08 23:11:05,099 INFO [com.github.inspektr.audit.support.Slf4jLoggingAuditTrailManager] - Audit trail record BEGIN
=============================================================
WHO: audit:unknown
WHAT: TGT-1-6gdN1ST0dN5fZWSiEJCyBIzMJWsN7aYTKmE63OHm7Sqdse4jYm-localhost
ACTION: TICKET_GRANTING_TICKET_CREATED
APPLICATION: CAS
WHEN: Wed Jul 08 23:11:05 PHT 2015
CLIENT IP ADDRESS: 0:0:0:0:0:0:0:1%0
SERVER IP ADDRESS: 0:0:0:0:0:0:0:1%0
=============================================================


2015-07-08 23:11:05,111 INFO [com.github.inspektr.audit.support.Slf4jLoggingAuditTrailManager] - Audit trail record BEGIN
=============================================================
WHO: admin
WHAT: ST-1-6cYEwcPpdWialcVhIzeR-localhost for http://localhost:8002/amaretto-cloud-services/j_spring_cas_security_check
ACTION: SERVICE_TICKET_CREATED
APPLICATION: CAS
WHEN: Wed Jul 08 23:11:05 PHT 2015
CLIENT IP ADDRESS: 0:0:0:0:0:0:0:1%0
SERVER IP ADDRESS: 0:0:0:0:0:0:0:1%0
=============================================================


2015-07-08 23:11:05,252 INFO [com.github.inspektr.audit.support.Slf4jLoggingAuditTrailManager] - Audit trail record BEGIN
=============================================================
WHO: audit:unknown
WHAT: supplied credentials: [http://localhost:8002/amaretto-cloud-services/j_spring_cas_security_proxyreceptor]
ACTION: AUTHENTICATION_SUCCESS
APPLICATION: CAS
WHEN: Wed Jul 08 23:11:05 PHT 2015
CLIENT IP ADDRESS: 127.0.0.1
SERVER IP ADDRESS: 127.0.0.1
=============================================================


2015-07-08 23:11:05,253 INFO [com.github.inspektr.audit.support.Slf4jLoggingAuditTrailManager] - Audit trail record BEGIN
=============================================================
WHO: admin
WHAT: TGT-2-25kPjFxoOOcTcUaDhxcVt4EiZJo21vLbvXxjiPZgOhbGUpPTMr-localhost
ACTION: PROXY_GRANTING_TICKET_CREATED
APPLICATION: CAS
WHEN: Wed Jul 08 23:11:05 PHT 2015
CLIENT IP ADDRESS: 127.0.0.1
SERVER IP ADDRESS: 127.0.0.1
=============================================================


2015-07-08 23:11:05,295 INFO [com.github.inspektr.audit.support.Slf4jLoggingAuditTrailManager] - Audit trail record BEGIN
=============================================================
WHO: audit:unknown
WHAT: ST-1-6cYEwcPpdWialcVhIzeR-localhost
ACTION: SERVICE_TICKET_VALIDATED
APPLICATION: CAS
WHEN: Wed Jul 08 23:11:05 PHT 2015
CLIENT IP ADDRESS: 127.0.0.1
SERVER IP ADDRESS: 127.0.0.1
=============================================================


2015-07-08 23:22:38,792 INFO [org.jasig.cas.web.flow.InitialFlowSetupAction] - Setting path for cookies to: /cas-server/
2015-07-08 23:22:39,038 INFO [com.github.inspektr.audit.support.Slf4jLoggingAuditTrailManager] - Audit trail record BEGIN
=============================================================
WHO: audit:unknown
WHAT: TGT-1-6gdN1ST0dN5fZWSiEJCyBIzMJWsN7aYTKmE63OHm7Sqdse4jYm-localhost
ACTION: TICKET_GRANTING_TICKET_DESTROYED
APPLICATION: CAS
WHEN: Wed Jul 08 23:22:39 PHT 2015
CLIENT IP ADDRESS: 0:0:0:0:0:0:0:1%0
SERVER IP ADDRESS: 0:0:0:0:0:0:0:1%0
=============================================================


2015-07-08 23:22:50,861 INFO [com.github.inspektr.audit.support.Slf4jLoggingAuditTrailManager] - Audit trail record BEGIN
=============================================================
WHO: audit:unknown
WHAT: supplied credentials: [admin+password]
ACTION: AUTHENTICATION_SUCCESS
APPLICATION: CAS
WHEN: Wed Jul 08 23:22:50 PHT 2015
CLIENT IP ADDRESS: 0:0:0:0:0:0:0:1%0
SERVER IP ADDRESS: 0:0:0:0:0:0:0:1%0
=============================================================


2015-07-08 23:22:50,878 INFO [com.github.inspektr.audit.support.Slf4jLoggingAuditTrailManager] - Audit trail record BEGIN
=============================================================
WHO: audit:unknown
WHAT: TGT-1-AY5QzbphFaDkATJ9t4uWfaDPlkBuwYrNBLHxtwOORII6jxkUcU-localhost
ACTION: TICKET_GRANTING_TICKET_CREATED
APPLICATION: CAS
WHEN: Wed Jul 08 23:22:50 PHT 2015
CLIENT IP ADDRESS: 0:0:0:0:0:0:0:1%0
SERVER IP ADDRESS: 0:0:0:0:0:0:0:1%0
=============================================================


2015-07-08 23:22:50,899 INFO [com.github.inspektr.audit.support.Slf4jLoggingAuditTrailManager] - Audit trail record BEGIN
=============================================================
WHO: admin
WHAT: ST-1-fKHx3pya1ocua5TNvlke-localhost for http://localhost:8003/amaretto-cloud-webapp/j_spring_cas_security_check
ACTION: SERVICE_TICKET_CREATED
APPLICATION: CAS
WHEN: Wed Jul 08 23:22:50 PHT 2015
CLIENT IP ADDRESS: 0:0:0:0:0:0:0:1%0
SERVER IP ADDRESS: 0:0:0:0:0:0:0:1%0
=============================================================


2015-07-08 23:22:51,996 INFO [com.github.inspektr.audit.support.Slf4jLoggingAuditTrailManager] - Audit trail record BEGIN
=============================================================
WHO: audit:unknown
WHAT: supplied credentials: [http://localhost:8003/amaretto-cloud-webapp/j_spring_cas_security_proxyreceptor]
ACTION: AUTHENTICATION_SUCCESS
APPLICATION: CAS
WHEN: Wed Jul 08 23:22:51 PHT 2015
CLIENT IP ADDRESS: 127.0.0.1
SERVER IP ADDRESS: 127.0.0.1
=============================================================


2015-07-08 23:22:51,997 INFO [com.github.inspektr.audit.support.Slf4jLoggingAuditTrailManager] - Audit trail record BEGIN
=============================================================
WHO: admin
WHAT: TGT-2-z7GV3zdTucBdXbP66TDQjNCTAdDEbf2sRuf5H3DETIQ9AeuWRP-localhost
ACTION: PROXY_GRANTING_TICKET_CREATED
APPLICATION: CAS
WHEN: Wed Jul 08 23:22:51 PHT 2015
CLIENT IP ADDRESS: 127.0.0.1
SERVER IP ADDRESS: 127.0.0.1
=============================================================


2015-07-08 23:22:52,014 INFO [com.github.inspektr.audit.support.Slf4jLoggingAuditTrailManager] - Audit trail record BEGIN
=============================================================
WHO: audit:unknown
WHAT: ST-1-fKHx3pya1ocua5TNvlke-localhost
ACTION: SERVICE_TICKET_VALIDATED
APPLICATION: CAS
WHEN: Wed Jul 08 23:22:52 PHT 2015
CLIENT IP ADDRESS: 127.0.0.1
SERVER IP ADDRESS: 127.0.0.1
=============================================================


2015-07-08 23:23:23,057 INFO [com.github.inspektr.audit.support.Slf4jLoggingAuditTrailManager] - Audit trail record BEGIN
=============================================================
WHO: audit:unknown
WHAT: supplied credentials: [admin+password]
ACTION: AUTHENTICATION_SUCCESS
APPLICATION: CAS
WHEN: Wed Jul 08 23:23:23 PHT 2015
CLIENT IP ADDRESS: 0:0:0:0:0:0:0:1%0
SERVER IP ADDRESS: 0:0:0:0:0:0:0:1%0
=============================================================


2015-07-08 23:23:23,059 INFO [com.github.inspektr.audit.support.Slf4jLoggingAuditTrailManager] - Audit trail record BEGIN
=============================================================
WHO: audit:unknown
WHAT: TGT-3-ytqoqaf7zSGxmoqDiTH6AVGgsldn6XQ7eGcnBcaBLmb7DIYiOz-localhost
ACTION: TICKET_GRANTING_TICKET_CREATED
APPLICATION: CAS
WHEN: Wed Jul 08 23:23:23 PHT 2015
CLIENT IP ADDRESS: 0:0:0:0:0:0:0:1%0
SERVER IP ADDRESS: 0:0:0:0:0:0:0:1%0
=============================================================


2015-07-08 23:23:23,063 INFO [com.github.inspektr.audit.support.Slf4jLoggingAuditTrailManager] - Audit trail record BEGIN
=============================================================
WHO: admin
WHAT: ST-2-qzVP1xOG5O9lmftqkQ1d-localhost for http://localhost:8003/amaretto-cloud-webapp/j_spring_cas_security_check
ACTION: SERVICE_TICKET_CREATED
APPLICATION: CAS
WHEN: Wed Jul 08 23:23:23 PHT 2015
CLIENT IP ADDRESS: 0:0:0:0:0:0:0:1%0
SERVER IP ADDRESS: 0:0:0:0:0:0:0:1%0
=============================================================


2015-07-08 23:23:23,217 INFO [com.github.inspektr.audit.support.Slf4jLoggingAuditTrailManager] - Audit trail record BEGIN
=============================================================
WHO: audit:unknown
WHAT: supplied credentials: [http://localhost:8003/amaretto-cloud-webapp/j_spring_cas_security_proxyreceptor]
ACTION: AUTHENTICATION_SUCCESS
APPLICATION: CAS
WHEN: Wed Jul 08 23:23:23 PHT 2015
CLIENT IP ADDRESS: 127.0.0.1
SERVER IP ADDRESS: 127.0.0.1
=============================================================


2015-07-08 23:23:23,219 INFO [com.github.inspektr.audit.support.Slf4jLoggingAuditTrailManager] - Audit trail record BEGIN
=============================================================
WHO: admin
WHAT: TGT-4-43O4faR1HS6Nd150DfxtsHgYmhHFdEOv52gT7V7zu0ahV67xd2-localhost
ACTION: PROXY_GRANTING_TICKET_CREATED
APPLICATION: CAS
WHEN: Wed Jul 08 23:23:23 PHT 2015
CLIENT IP ADDRESS: 127.0.0.1
SERVER IP ADDRESS: 127.0.0.1
=============================================================


2015-07-08 23:23:23,221 INFO [com.github.inspektr.audit.support.Slf4jLoggingAuditTrailManager] - Audit trail record BEGIN
=============================================================
WHO: audit:unknown
WHAT: ST-2-qzVP1xOG5O9lmftqkQ1d-localhost
ACTION: SERVICE_TICKET_VALIDATED
APPLICATION: CAS
WHEN: Wed Jul 08 23:23:23 PHT 2015
CLIENT IP ADDRESS: 127.0.0.1
SERVER IP ADDRESS: 127.0.0.1
=============================================================


2015-07-08 23:23:29,839 INFO [com.github.inspektr.audit.support.Slf4jLoggingAuditTrailManager] - Audit trail record BEGIN
=============================================================
WHO: admin
WHAT: ST-3-AdBEfD6ZaFMZAUTa5ZBX-localhost for http://localhost:8002/amaretto-cloud-services/j_spring_cas_security_check
ACTION: SERVICE_TICKET_CREATED
APPLICATION: CAS
WHEN: Wed Jul 08 23:23:29 PHT 2015
CLIENT IP ADDRESS: 0:0:0:0:0:0:0:1%0
SERVER IP ADDRESS: 0:0:0:0:0:0:0:1%0
=============================================================


2015-07-08 23:23:29,935 INFO [com.github.inspektr.audit.support.Slf4jLoggingAuditTrailManager] - Audit trail record BEGIN
=============================================================
WHO: audit:unknown
WHAT: supplied credentials: [http://localhost:8002/amaretto-cloud-services/j_spring_cas_security_proxyreceptor]
ACTION: AUTHENTICATION_SUCCESS
APPLICATION: CAS
WHEN: Wed Jul 08 23:23:29 PHT 2015
CLIENT IP ADDRESS: 127.0.0.1
SERVER IP ADDRESS: 127.0.0.1
=============================================================


2015-07-08 23:23:29,936 INFO [com.github.inspektr.audit.support.Slf4jLoggingAuditTrailManager] - Audit trail record BEGIN
=============================================================
WHO: admin
WHAT: TGT-5-jnHabfWfKogxi5pNNdxsNxfa55cVTigc5TJVhUOp5gsunCZ40j-localhost
ACTION: PROXY_GRANTING_TICKET_CREATED
APPLICATION: CAS
WHEN: Wed Jul 08 23:23:29 PHT 2015
CLIENT IP ADDRESS: 127.0.0.1
SERVER IP ADDRESS: 127.0.0.1
=============================================================


2015-07-08 23:23:29,939 INFO [com.github.inspektr.audit.support.Slf4jLoggingAuditTrailManager] - Audit trail record BEGIN
=============================================================
WHO: audit:unknown
WHAT: ST-3-AdBEfD6ZaFMZAUTa5ZBX-localhost
ACTION: SERVICE_TICKET_VALIDATED
APPLICATION: CAS
WHEN: Wed Jul 08 23:23:29 PHT 2015
CLIENT IP ADDRESS: 127.0.0.1
SERVER IP ADDRESS: 127.0.0.1
=============================================================


2015-07-09 16:26:11,261 INFO [org.jasig.cas.web.flow.InitialFlowSetupAction] - Setting path for cookies to: /cas-server/
2015-07-09 16:27:17,552 INFO [com.github.inspektr.audit.support.Slf4jLoggingAuditTrailManager] - Audit trail record BEGIN
=============================================================
WHO: audit:unknown
WHAT: supplied credentials: [admin+password]
ACTION: AUTHENTICATION_SUCCESS
APPLICATION: CAS
WHEN: Thu Jul 09 16:27:17 SGT 2015
CLIENT IP ADDRESS: 127.0.0.1
SERVER IP ADDRESS: 127.0.0.1
=============================================================


2015-07-09 16:27:17,556 INFO [com.github.inspektr.audit.support.Slf4jLoggingAuditTrailManager] - Audit trail record BEGIN
=============================================================
WHO: audit:unknown
WHAT: TGT-1-fX40i9iaZUaVc9uizzglbIrptOu4K71HbpMva2eF7pfFoZ4fSe-localhost
ACTION: TICKET_GRANTING_TICKET_CREATED
APPLICATION: CAS
WHEN: Thu Jul 09 16:27:17 SGT 2015
CLIENT IP ADDRESS: 127.0.0.1
SERVER IP ADDRESS: 127.0.0.1
=============================================================


2015-07-09 16:27:17,574 INFO [com.github.inspektr.audit.support.Slf4jLoggingAuditTrailManager] - Audit trail record BEGIN
=============================================================
WHO: admin
WHAT: ST-1-qWxTdlPHpp73NXpkYLhP-localhost for http://localhost:8002/amaretto-cloud-leod/j_spring_cas_security_check
ACTION: SERVICE_TICKET_CREATED
APPLICATION: CAS
WHEN: Thu Jul 09 16:27:17 SGT 2015
CLIENT IP ADDRESS: 127.0.0.1
SERVER IP ADDRESS: 127.0.0.1
=============================================================


2015-07-09 16:29:06,424 INFO [com.github.inspektr.audit.support.Slf4jLoggingAuditTrailManager] - Audit trail record BEGIN
=============================================================
WHO: admin
WHAT: ST-2-oAW2C5UxKfSVHLRCclm7-localhost for http://localhost:8002/amaretto-cloud-leod/j_spring_cas_security_check
ACTION: SERVICE_TICKET_CREATED
APPLICATION: CAS
WHEN: Thu Jul 09 16:29:06 SGT 2015
CLIENT IP ADDRESS: 127.0.0.1
SERVER IP ADDRESS: 127.0.0.1
=============================================================


2015-07-09 16:29:06,885 INFO [com.github.inspektr.audit.support.Slf4jLoggingAuditTrailManager] - Audit trail record BEGIN
=============================================================
WHO: audit:unknown
WHAT: supplied credentials: [http://localhost:8002/amaretto-cloud-leod/j_spring_cas_security_proxyreceptor]
ACTION: AUTHENTICATION_SUCCESS
APPLICATION: CAS
WHEN: Thu Jul 09 16:29:06 SGT 2015
CLIENT IP ADDRESS: 127.0.0.1
SERVER IP ADDRESS: 127.0.0.1
=============================================================


2015-07-09 16:29:06,887 INFO [com.github.inspektr.audit.support.Slf4jLoggingAuditTrailManager] - Audit trail record BEGIN
=============================================================
WHO: admin
WHAT: TGT-2-SmTffnABRZqi64lJNGdPUcgTB2BBS94uOLa42fWFMs3oDZfp3Y-localhost
ACTION: PROXY_GRANTING_TICKET_CREATED
APPLICATION: CAS
WHEN: Thu Jul 09 16:29:06 SGT 2015
CLIENT IP ADDRESS: 127.0.0.1
SERVER IP ADDRESS: 127.0.0.1
=============================================================


2015-07-09 16:29:06,895 INFO [com.github.inspektr.audit.support.Slf4jLoggingAuditTrailManager] - Audit trail record BEGIN
=============================================================
WHO: audit:unknown
WHAT: ST-2-oAW2C5UxKfSVHLRCclm7-localhost
ACTION: SERVICE_TICKET_VALIDATED
APPLICATION: CAS
WHEN: Thu Jul 09 16:29:06 SGT 2015
CLIENT IP ADDRESS: 127.0.0.1
SERVER IP ADDRESS: 127.0.0.1
=============================================================


