2015-07-06 12:31:53,269 INFO [org.jasig.cas.web.flow.InitialFlowSetupAction] - Setting path for cookies to: /cas-server/
2015-07-06 12:32:08,719 INFO [com.github.inspektr.audit.support.Slf4jLoggingAuditTrailManager] - Audit trail record BEGIN
=============================================================
WHO: audit:unknown
WHAT: supplied credentials: [admin+password]
ACTION: AUTHENTICATION_SUCCESS
APPLICATION: CAS
WHEN: Mon Jul 06 12:32:08 PHT 2015
CLIENT IP ADDRESS: 0:0:0:0:0:0:0:1%0
SERVER IP ADDRESS: 0:0:0:0:0:0:0:1%0
=============================================================


2015-07-06 12:32:08,782 INFO [com.github.inspektr.audit.support.Slf4jLoggingAuditTrailManager] - Audit trail record BEGIN
=============================================================
WHO: audit:unknown
WHAT: TGT-1-MVdjTqgiRiAaOwHWafrA7LVjf9diW0OcBJQwZQfl3V2Aug2uHl-localhost
ACTION: TICKET_GRANTING_TICKET_CREATED
APPLICATION: CAS
WHEN: Mon Jul 06 12:32:08 PHT 2015
CLIENT IP ADDRESS: 0:0:0:0:0:0:0:1%0
SERVER IP ADDRESS: 0:0:0:0:0:0:0:1%0
=============================================================


2015-07-06 12:40:39,826 INFO [org.jasig.cas.web.flow.InitialFlowSetupAction] - Setting path for cookies to: /cas-server/
2015-07-06 12:40:49,421 INFO [com.github.inspektr.audit.support.Slf4jLoggingAuditTrailManager] - Audit trail record BEGIN
=============================================================
WHO: audit:unknown
WHAT: supplied credentials: [admin+password]
ACTION: AUTHENTICATION_SUCCESS
APPLICATION: CAS
WHEN: Mon Jul 06 12:40:49 PHT 2015
CLIENT IP ADDRESS: 0:0:0:0:0:0:0:1%0
SERVER IP ADDRESS: 0:0:0:0:0:0:0:1%0
=============================================================


2015-07-06 12:40:49,423 INFO [com.github.inspektr.audit.support.Slf4jLoggingAuditTrailManager] - Audit trail record BEGIN
=============================================================
WHO: audit:unknown
WHAT: TGT-1-bR0XNK1Bb1tzHdiz0I7g4IIyW9FlvU25JGcDSPJO7iYdBvitfV-localhost
ACTION: TICKET_GRANTING_TICKET_CREATED
APPLICATION: CAS
WHEN: Mon Jul 06 12:40:49 PHT 2015
CLIENT IP ADDRESS: 0:0:0:0:0:0:0:1%0
SERVER IP ADDRESS: 0:0:0:0:0:0:0:1%0
=============================================================


2015-07-08 22:50:11,895 INFO [org.jasig.cas.web.flow.InitialFlowSetupAction] - Setting path for cookies to: /cas-server/
2015-07-08 22:50:28,939 INFO [com.github.inspektr.audit.support.Slf4jLoggingAuditTrailManager] - Audit trail record BEGIN
=============================================================
WHO: audit:unknown
WHAT: supplied credentials: [admin+password]
ACTION: AUTHENTICATION_SUCCESS
APPLICATION: CAS
WHEN: Wed Jul 08 22:50:28 PHT 2015
CLIENT IP ADDRESS: 0:0:0:0:0:0:0:1%0
SERVER IP ADDRESS: 0:0:0:0:0:0:0:1%0
=============================================================


2015-07-08 22:50:28,942 INFO [com.github.inspektr.audit.support.Slf4jLoggingAuditTrailManager] - Audit trail record BEGIN
=============================================================
WHO: audit:unknown
WHAT: TGT-1-5g2T3pwHwafpoKLvUwSmBPEEdrMqLFSnc5Ooa3AUeeQqG0WyNG-localhost
ACTION: TICKET_GRANTING_TICKET_CREATED
APPLICATION: CAS
WHEN: Wed Jul 08 22:50:28 PHT 2015
CLIENT IP ADDRESS: 0:0:0:0:0:0:0:1%0
SERVER IP ADDRESS: 0:0:0:0:0:0:0:1%0
=============================================================


2015-07-08 22:50:28,955 INFO [com.github.inspektr.audit.support.Slf4jLoggingAuditTrailManager] - Audit trail record BEGIN
=============================================================
WHO: admin
WHAT: ST-1-HwCndw5PolsXPxzMa5d5-localhost for http://localhost:8002/amaretto-cloud-services/j_spring_cas_security_check
ACTION: SERVICE_TICKET_CREATED
APPLICATION: CAS
WHEN: Wed Jul 08 22:50:28 PHT 2015
CLIENT IP ADDRESS: 0:0:0:0:0:0:0:1%0
SERVER IP ADDRESS: 0:0:0:0:0:0:0:1%0
=============================================================


